<?xml version="1.0" encoding="UTF-8"?>
<testng-results ignored="873" total="901" passed="24" failed="4" skipped="0">
  <reporter-output>
  </reporter-output>
  <suite started-at="2025-07-23T18:15:19 IST" name="Suite" finished-at="2025-07-23T18:22:36 IST" duration-ms="436776">
    <groups>
    </groups>
    <test started-at="2025-07-23T18:15:19 IST" name="Login with Email" finished-at="2025-07-23T18:15:27 IST" duration-ms="8507">
      <class name="Qtv.TestCase">
        <test-method is-config="true" signature="setup()[pri:0, instance:Qtv.TestCase@6302bbb1]" started-at="2025-07-23T18:15:19 IST" name="setup" finished-at="2025-07-23T18:15:24 IST" duration-ms="4586" status="PASS">
          <reporter-output>
          </reporter-output>
        </test-method> <!-- setup -->
        <test-method signature="loginWithMailTest()[pri:0, instance:Qtv.TestCase@6302bbb1]" started-at="2025-07-23T18:15:24 IST" name="loginWithMailTest" finished-at="2025-07-23T18:15:27 IST" duration-ms="3357" status="PASS">
          <reporter-output>
          </reporter-output>
        </test-method> <!-- loginWithMailTest -->
        <test-method is-config="true" signature="teardown()[pri:0, instance:Qtv.TestCase@6302bbb1]" started-at="2025-07-23T18:15:27 IST" name="teardown" finished-at="2025-07-23T18:15:27 IST" duration-ms="417" status="PASS">
          <reporter-output>
          </reporter-output>
        </test-method> <!-- teardown -->
      </class> <!-- Qtv.TestCase -->
    </test> <!-- Login with Email -->
    <test started-at="2025-07-23T18:15:27 IST" name="Login with Wrong OTP" finished-at="2025-07-23T18:15:41 IST" duration-ms="13144">
      <class name="Qtv.TestCase">
        <test-method is-config="true" signature="setup()[pri:0, instance:Qtv.TestCase@62ddbd7e]" started-at="2025-07-23T18:15:27 IST" name="setup" finished-at="2025-07-23T18:15:31 IST" duration-ms="3130" status="PASS">
          <reporter-output>
          </reporter-output>
        </test-method> <!-- setup -->
        <test-method signature="loginWithPhoneNumber()[pri:0, instance:Qtv.TestCase@62ddbd7e]" started-at="2025-07-23T18:15:31 IST" name="loginWithPhoneNumber" finished-at="2025-07-23T18:15:40 IST" duration-ms="9393" status="PASS">
          <reporter-output>
          </reporter-output>
        </test-method> <!-- loginWithPhoneNumber -->
        <test-method is-config="true" signature="teardown()[pri:0, instance:Qtv.TestCase@62ddbd7e]" started-at="2025-07-23T18:15:40 IST" name="teardown" finished-at="2025-07-23T18:15:41 IST" duration-ms="619" status="PASS">
          <reporter-output>
          </reporter-output>
        </test-method> <!-- teardown -->
      </class> <!-- Qtv.TestCase -->
    </test> <!-- Login with Wrong OTP -->
    <test started-at="2025-07-23T18:15:41 IST" name="Verify Current URL" finished-at="2025-07-23T18:15:44 IST" duration-ms="3463">
      <class name="Qtv.TestCase">
        <test-method is-config="true" signature="setup()[pri:0, instance:Qtv.TestCase@6ed3ccb2]" started-at="2025-07-23T18:15:41 IST" name="setup" finished-at="2025-07-23T18:15:44 IST" duration-ms="2926" status="PASS">
          <reporter-output>
          </reporter-output>
        </test-method> <!-- setup -->
        <test-method signature="verifyCurrentUrlTest()[pri:0, instance:Qtv.TestCase@6ed3ccb2]" started-at="2025-07-23T18:15:44 IST" name="verifyCurrentUrlTest" finished-at="2025-07-23T18:15:44 IST" duration-ms="45" status="PASS">
          <reporter-output>
          </reporter-output>
        </test-method> <!-- verifyCurrentUrlTest -->
        <test-method is-config="true" signature="teardown()[pri:0, instance:Qtv.TestCase@6ed3ccb2]" started-at="2025-07-23T18:15:44 IST" name="teardown" finished-at="2025-07-23T18:15:44 IST" duration-ms="487" status="PASS">
          <reporter-output>
          </reporter-output>
        </test-method> <!-- teardown -->
      </class> <!-- Qtv.TestCase -->
    </test> <!-- Verify Current URL -->
    <test started-at="2025-07-23T18:15:44 IST" name="Update Profile" finished-at="2025-07-23T18:16:02 IST" duration-ms="17639">
      <class name="Qtv.TestCase">
        <test-method is-config="true" signature="setup()[pri:0, instance:Qtv.TestCase@489115ef]" started-at="2025-07-23T18:15:44 IST" name="setup" finished-at="2025-07-23T18:15:47 IST" duration-ms="2917" status="PASS">
          <reporter-output>
          </reporter-output>
        </test-method> <!-- setup -->
        <test-method signature="updateProfileTest()[pri:0, instance:Qtv.TestCase@489115ef]" started-at="2025-07-23T18:15:47 IST" name="updateProfileTest" finished-at="2025-07-23T18:16:01 IST" duration-ms="14081" status="PASS">
          <reporter-output>
          </reporter-output>
        </test-method> <!-- updateProfileTest -->
        <test-method is-config="true" signature="teardown()[pri:0, instance:Qtv.TestCase@489115ef]" started-at="2025-07-23T18:16:01 IST" name="teardown" finished-at="2025-07-23T18:16:02 IST" duration-ms="638" status="PASS">
          <reporter-output>
          </reporter-output>
        </test-method> <!-- teardown -->
      </class> <!-- Qtv.TestCase -->
    </test> <!-- Update Profile -->
    <test started-at="2025-07-23T18:16:02 IST" name="Search Box Functionality" finished-at="2025-07-23T18:16:35 IST" duration-ms="33057">
      <class name="Qtv.TestCase">
        <test-method is-config="true" signature="setup()[pri:0, instance:Qtv.TestCase@7c6908d7]" started-at="2025-07-23T18:16:02 IST" name="setup" finished-at="2025-07-23T18:16:05 IST" duration-ms="3000" status="PASS">
          <reporter-output>
          </reporter-output>
        </test-method> <!-- setup -->
        <test-method signature="searchVideoTest()[pri:0, instance:Qtv.TestCase@7c6908d7]" started-at="2025-07-23T18:16:05 IST" name="searchVideoTest" finished-at="2025-07-23T18:16:34 IST" duration-ms="29575" status="FAIL">
          <exception class="org.openqa.selenium.NoSuchElementException">
            <message>
              <![CDATA[no such element: Unable to locate element: {"method":"xpath","selector":"//img[@class="img-top"]"}
  (Session info: chrome=138.0.7204.158)
For documentation on this error, please visit: https://www.selenium.dev/documentation/webdriver/troubleshooting/errors#no-such-element-exception
Build info: version: '4.33.0', revision: '2c6aaad03a'
System info: os.name: 'Windows 11', os.arch: 'amd64', os.version: '10.0', java.version: '23.0.1'
Driver info: org.openqa.selenium.chrome.ChromeDriver
Command: [6d247b03532895ed1b5dd21f9269404f, findElement {using=xpath, value=//img[@class="img-top"]}]
Capabilities {acceptInsecureCerts: false, browserName: chrome, browserVersion: 138.0.7204.158, chrome: {chromedriverVersion: 138.0.7204.168 (3e8d82e86e9..., userDataDir: C:\Users\Yash\AppData\Local...}, fedcm:accounts: true, goog:chromeOptions: {debuggerAddress: localhost:58924}, networkConnectionEnabled: false, pageLoadStrategy: normal, platformName: windows, proxy: Proxy(), se:cdp: ws://localhost:58924/devtoo..., se:cdpVersion: 138.0.7204.158, setWindowRect: true, strictFileInteractability: false, timeouts: {implicit: 0, pageLoad: 300000, script: 30000}, unhandledPromptBehavior: dismiss and notify, webauthn:extension:credBlob: true, webauthn:extension:largeBlob: true, webauthn:extension:minPinLength: true, webauthn:extension:prf: true, webauthn:virtualAuthenticators: true}
Session ID: 6d247b03532895ed1b5dd21f9269404f]]>
            </message>
            <full-stacktrace>
              <![CDATA[org.openqa.selenium.NoSuchElementException: no such element: Unable to locate element: {"method":"xpath","selector":"//img[@class="img-top"]"}
  (Session info: chrome=138.0.7204.158)
For documentation on this error, please visit: https://www.selenium.dev/documentation/webdriver/troubleshooting/errors#no-such-element-exception
Build info: version: '4.33.0', revision: '2c6aaad03a'
System info: os.name: 'Windows 11', os.arch: 'amd64', os.version: '10.0', java.version: '23.0.1'
Driver info: org.openqa.selenium.chrome.ChromeDriver
Command: [6d247b03532895ed1b5dd21f9269404f, findElement {using=xpath, value=//img[@class="img-top"]}]
Capabilities {acceptInsecureCerts: false, browserName: chrome, browserVersion: 138.0.7204.158, chrome: {chromedriverVersion: 138.0.7204.168 (3e8d82e86e9..., userDataDir: C:\Users\Yash\AppData\Local...}, fedcm:accounts: true, goog:chromeOptions: {debuggerAddress: localhost:58924}, networkConnectionEnabled: false, pageLoadStrategy: normal, platformName: windows, proxy: Proxy(), se:cdp: ws://localhost:58924/devtoo..., se:cdpVersion: 138.0.7204.158, setWindowRect: true, strictFileInteractability: false, timeouts: {implicit: 0, pageLoad: 300000, script: 30000}, unhandledPromptBehavior: dismiss and notify, webauthn:extension:credBlob: true, webauthn:extension:largeBlob: true, webauthn:extension:minPinLength: true, webauthn:extension:prf: true, webauthn:virtualAuthenticators: true}
Session ID: 6d247b03532895ed1b5dd21f9269404f
at java.base/jdk.internal.reflect.DirectConstructorHandleAccessor.newInstance(DirectConstructorHandleAccessor.java:62)
at java.base/java.lang.reflect.Constructor.newInstanceWithCaller(Constructor.java:501)
at java.base/java.lang.reflect.Constructor.newInstance(Constructor.java:485)
at org.openqa.selenium.remote.ErrorCodec.decode(ErrorCodec.java:167)
at org.openqa.selenium.remote.codec.w3c.W3CHttpResponseCodec.decode(W3CHttpResponseCodec.java:138)
at org.openqa.selenium.remote.codec.w3c.W3CHttpResponseCodec.decode(W3CHttpResponseCodec.java:50)
at org.openqa.selenium.remote.HttpCommandExecutor.execute(HttpCommandExecutor.java:215)
at org.openqa.selenium.remote.service.DriverCommandExecutor.invokeExecute(DriverCommandExecutor.java:216)
at org.openqa.selenium.remote.service.DriverCommandExecutor.execute(DriverCommandExecutor.java:174)
at org.openqa.selenium.remote.RemoteWebDriver.execute(RemoteWebDriver.java:544)
at org.openqa.selenium.remote.ElementLocation$ElementFinder$2.findElement(ElementLocation.java:165)
at org.openqa.selenium.remote.ElementLocation.findElement(ElementLocation.java:59)
at org.openqa.selenium.remote.RemoteWebDriver.findElement(RemoteWebDriver.java:367)
at org.openqa.selenium.remote.RemoteWebDriver.findElement(RemoteWebDriver.java:361)
at Qtv.TestCase.searchVideoTest(TestCase.java:151)
at java.base/jdk.internal.reflect.DirectMethodHandleAccessor.invoke(DirectMethodHandleAccessor.java:103)
at java.base/java.lang.reflect.Method.invoke(Method.java:580)
at org.testng.internal.invokers.MethodInvocationHelper.invokeMethod(MethodInvocationHelper.java:141)
at org.testng.internal.invokers.TestInvoker.invokeMethod(TestInvoker.java:687)
at org.testng.internal.invokers.TestInvoker.invokeTestMethod(TestInvoker.java:230)
at org.testng.internal.invokers.MethodRunner.runInSequence(MethodRunner.java:63)
at org.testng.internal.invokers.TestInvoker$MethodInvocationAgent.invoke(TestInvoker.java:995)
at org.testng.internal.invokers.TestInvoker.invokeTestMethods(TestInvoker.java:203)
at org.testng.internal.invokers.TestMethodWorker.invokeTestMethods(TestMethodWorker.java:154)
at org.testng.internal.invokers.TestMethodWorker.run(TestMethodWorker.java:134)
at java.base/java.util.ArrayList.forEach(ArrayList.java:1597)
at org.testng.TestRunner.privateRun(TestRunner.java:741)
at org.testng.TestRunner.run(TestRunner.java:616)
at org.testng.SuiteRunner.runTest(SuiteRunner.java:421)
at org.testng.SuiteRunner$SuiteWorker.run(SuiteRunner.java:463)
at org.testng.internal.thread.ThreadUtil.lambda$execute$0(ThreadUtil.java:64)
at java.base/java.util.concurrent.FutureTask.run(FutureTask.java:317)
at java.base/java.util.concurrent.ThreadPoolExecutor.runWorker(ThreadPoolExecutor.java:1144)
at java.base/java.util.concurrent.ThreadPoolExecutor$Worker.run(ThreadPoolExecutor.java:642)
at java.base/java.lang.Thread.run(Thread.java:1575)
]]>
            </full-stacktrace>
          </exception> <!-- org.openqa.selenium.NoSuchElementException -->
          <reporter-output>
          </reporter-output>
        </test-method> <!-- searchVideoTest -->
        <test-method is-config="true" signature="teardown()[pri:0, instance:Qtv.TestCase@7c6908d7]" started-at="2025-07-23T18:16:34 IST" name="teardown" finished-at="2025-07-23T18:16:35 IST" duration-ms="455" status="PASS">
          <reporter-output>
          </reporter-output>
        </test-method> <!-- teardown -->
      </class> <!-- Qtv.TestCase -->
    </test> <!-- Search Box Functionality -->
    <test started-at="2025-07-23T18:16:35 IST" name="Login with Incorrect OTP" finished-at="2025-07-23T18:16:45 IST" duration-ms="10625">
      <class name="Qtv.TestCase">
        <test-method is-config="true" signature="setup()[pri:0, instance:Qtv.TestCase@79079097]" started-at="2025-07-23T18:16:35 IST" name="setup" finished-at="2025-07-23T18:16:38 IST" duration-ms="2814" status="PASS">
          <reporter-output>
          </reporter-output>
        </test-method> <!-- setup -->
        <test-method signature="wrongOtpLoginTest()[pri:0, instance:Qtv.TestCase@79079097]" started-at="2025-07-23T18:16:38 IST" name="wrongOtpLoginTest" finished-at="2025-07-23T18:16:45 IST" duration-ms="7387" status="PASS">
          <reporter-output>
          </reporter-output>
        </test-method> <!-- wrongOtpLoginTest -->
        <test-method is-config="true" signature="teardown()[pri:0, instance:Qtv.TestCase@79079097]" started-at="2025-07-23T18:16:45 IST" name="teardown" finished-at="2025-07-23T18:16:45 IST" duration-ms="421" status="PASS">
          <reporter-output>
          </reporter-output>
        </test-method> <!-- teardown -->
      </class> <!-- Qtv.TestCase -->
    </test> <!-- Login with Incorrect OTP -->
    <test started-at="2025-07-23T18:16:45 IST" name="Play Video" finished-at="2025-07-23T18:17:13 IST" duration-ms="27381">
      <class name="Qtv.TestCase">
        <test-method is-config="true" signature="setup()[pri:0, instance:Qtv.TestCase@4e08711f]" started-at="2025-07-23T18:16:45 IST" name="setup" finished-at="2025-07-23T18:16:48 IST" duration-ms="2481" status="PASS">
          <reporter-output>
          </reporter-output>
        </test-method> <!-- setup -->
        <test-method signature="playVideoTest()[pri:0, instance:Qtv.TestCase@4e08711f]" started-at="2025-07-23T18:16:48 IST" name="playVideoTest" finished-at="2025-07-23T18:17:12 IST" duration-ms="24490" status="FAIL">
          <exception class="org.openqa.selenium.TimeoutException">
            <message>
              <![CDATA[Expected condition failed: waiting for element to be clickable: By.xpath: //img[@alt='BBC AFRICA EYE'] (tried for 20 second(s) with 500 milliseconds interval)
Build info: version: '4.33.0', revision: '2c6aaad03a'
System info: os.name: 'Windows 11', os.arch: 'amd64', os.version: '10.0', java.version: '23.0.1'
Driver info: org.openqa.selenium.chrome.ChromeDriver
Capabilities {acceptInsecureCerts: false, browserName: chrome, browserVersion: 138.0.7204.158, chrome: {chromedriverVersion: 138.0.7204.168 (3e8d82e86e9..., userDataDir: C:\Users\Yash\AppData\Local...}, fedcm:accounts: true, goog:chromeOptions: {debuggerAddress: localhost:59057}, networkConnectionEnabled: false, pageLoadStrategy: normal, platformName: windows, proxy: Proxy(), se:cdp: ws://localhost:59057/devtoo..., se:cdpVersion: 138.0.7204.158, setWindowRect: true, strictFileInteractability: false, timeouts: {implicit: 0, pageLoad: 300000, script: 30000}, unhandledPromptBehavior: dismiss and notify, webauthn:extension:credBlob: true, webauthn:extension:largeBlob: true, webauthn:extension:minPinLength: true, webauthn:extension:prf: true, webauthn:virtualAuthenticators: true}
Session ID: 14a83738e27744c0695d4d2950b4624e]]>
            </message>
            <full-stacktrace>
              <![CDATA[org.openqa.selenium.TimeoutException: Expected condition failed: waiting for element to be clickable: By.xpath: //img[@alt='BBC AFRICA EYE'] (tried for 20 second(s) with 500 milliseconds interval)
Build info: version: '4.33.0', revision: '2c6aaad03a'
System info: os.name: 'Windows 11', os.arch: 'amd64', os.version: '10.0', java.version: '23.0.1'
Driver info: org.openqa.selenium.chrome.ChromeDriver
Capabilities {acceptInsecureCerts: false, browserName: chrome, browserVersion: 138.0.7204.158, chrome: {chromedriverVersion: 138.0.7204.168 (3e8d82e86e9..., userDataDir: C:\Users\Yash\AppData\Local...}, fedcm:accounts: true, goog:chromeOptions: {debuggerAddress: localhost:59057}, networkConnectionEnabled: false, pageLoadStrategy: normal, platformName: windows, proxy: Proxy(), se:cdp: ws://localhost:59057/devtoo..., se:cdpVersion: 138.0.7204.158, setWindowRect: true, strictFileInteractability: false, timeouts: {implicit: 0, pageLoad: 300000, script: 30000}, unhandledPromptBehavior: dismiss and notify, webauthn:extension:credBlob: true, webauthn:extension:largeBlob: true, webauthn:extension:minPinLength: true, webauthn:extension:prf: true, webauthn:virtualAuthenticators: true}
Session ID: 14a83738e27744c0695d4d2950b4624e
at org.openqa.selenium.support.ui.WebDriverWait.timeoutException(WebDriverWait.java:84)
at org.openqa.selenium.support.ui.FluentWait.until(FluentWait.java:228)
at Qtv.TestCase.playVideoTest(TestCase.java:208)
at java.base/jdk.internal.reflect.DirectMethodHandleAccessor.invoke(DirectMethodHandleAccessor.java:103)
at java.base/java.lang.reflect.Method.invoke(Method.java:580)
at org.testng.internal.invokers.MethodInvocationHelper.invokeMethod(MethodInvocationHelper.java:141)
at org.testng.internal.invokers.TestInvoker.invokeMethod(TestInvoker.java:687)
at org.testng.internal.invokers.TestInvoker.invokeTestMethod(TestInvoker.java:230)
at org.testng.internal.invokers.MethodRunner.runInSequence(MethodRunner.java:63)
at org.testng.internal.invokers.TestInvoker$MethodInvocationAgent.invoke(TestInvoker.java:995)
at org.testng.internal.invokers.TestInvoker.invokeTestMethods(TestInvoker.java:203)
at org.testng.internal.invokers.TestMethodWorker.invokeTestMethods(TestMethodWorker.java:154)
at org.testng.internal.invokers.TestMethodWorker.run(TestMethodWorker.java:134)
at java.base/java.util.ArrayList.forEach(ArrayList.java:1597)
at org.testng.TestRunner.privateRun(TestRunner.java:741)
at org.testng.TestRunner.run(TestRunner.java:616)
at org.testng.SuiteRunner.runTest(SuiteRunner.java:421)
at org.testng.SuiteRunner$SuiteWorker.run(SuiteRunner.java:463)
at org.testng.internal.thread.ThreadUtil.lambda$execute$0(ThreadUtil.java:64)
at java.base/java.util.concurrent.FutureTask.run(FutureTask.java:317)
at java.base/java.util.concurrent.ThreadPoolExecutor.runWorker(ThreadPoolExecutor.java:1144)
at java.base/java.util.concurrent.ThreadPoolExecutor$Worker.run(ThreadPoolExecutor.java:642)
at java.base/java.lang.Thread.run(Thread.java:1575)
]]>
            </full-stacktrace>
          </exception> <!-- org.openqa.selenium.TimeoutException -->
          <reporter-output>
          </reporter-output>
        </test-method> <!-- playVideoTest -->
        <test-method is-config="true" signature="teardown()[pri:0, instance:Qtv.TestCase@4e08711f]" started-at="2025-07-23T18:17:12 IST" name="teardown" finished-at="2025-07-23T18:17:13 IST" duration-ms="408" status="PASS">
          <reporter-output>
          </reporter-output>
        </test-method> <!-- teardown -->
      </class> <!-- Qtv.TestCase -->
    </test> <!-- Play Video -->
    <test started-at="2025-07-23T18:17:13 IST" name="Footer Terms Conditions" finished-at="2025-07-23T18:17:22 IST" duration-ms="9387">
      <class name="Qtv.TestCase">
        <test-method is-config="true" signature="setup()[pri:0, instance:Qtv.TestCase@302552ec]" started-at="2025-07-23T18:17:13 IST" name="setup" finished-at="2025-07-23T18:17:15 IST" duration-ms="2576" status="PASS">
          <reporter-output>
          </reporter-output>
        </test-method> <!-- setup -->
        <test-method signature="footerTermsAndConditionsTest()[pri:0, instance:Qtv.TestCase@302552ec]" started-at="2025-07-23T18:17:15 IST" name="footerTermsAndConditionsTest" finished-at="2025-07-23T18:17:22 IST" duration-ms="6419" status="PASS">
          <reporter-output>
          </reporter-output>
        </test-method> <!-- footerTermsAndConditionsTest -->
        <test-method is-config="true" signature="teardown()[pri:0, instance:Qtv.TestCase@302552ec]" started-at="2025-07-23T18:17:22 IST" name="teardown" finished-at="2025-07-23T18:17:22 IST" duration-ms="382" status="PASS">
          <reporter-output>
          </reporter-output>
        </test-method> <!-- teardown -->
      </class> <!-- Qtv.TestCase -->
    </test> <!-- Footer Terms Conditions -->
    <test started-at="2025-07-23T18:17:22 IST" name="Logout Functionality" finished-at="2025-07-23T18:17:36 IST" duration-ms="14176">
      <class name="Qtv.TestCase">
        <test-method is-config="true" signature="setup()[pri:0, instance:Qtv.TestCase@2cd76f31]" started-at="2025-07-23T18:17:22 IST" name="setup" finished-at="2025-07-23T18:17:25 IST" duration-ms="2545" status="PASS">
          <reporter-output>
          </reporter-output>
        </test-method> <!-- setup -->
        <test-method signature="logoutTest()[pri:0, instance:Qtv.TestCase@2cd76f31]" started-at="2025-07-23T18:17:25 IST" name="logoutTest" finished-at="2025-07-23T18:17:36 IST" duration-ms="11119" status="PASS">
          <reporter-output>
          </reporter-output>
        </test-method> <!-- logoutTest -->
        <test-method is-config="true" signature="teardown()[pri:0, instance:Qtv.TestCase@2cd76f31]" started-at="2025-07-23T18:17:36 IST" name="teardown" finished-at="2025-07-23T18:17:36 IST" duration-ms="507" status="PASS">
          <reporter-output>
          </reporter-output>
        </test-method> <!-- teardown -->
      </class> <!-- Qtv.TestCase -->
    </test> <!-- Logout Functionality -->
    <test started-at="2025-07-23T18:17:36 IST" name="Filter Button Check" finished-at="2025-07-23T18:18:02 IST" duration-ms="25172">
      <class name="Qtv.TestCase">
        <test-method is-config="true" signature="setup()[pri:0, instance:Qtv.TestCase@ba2f4ec]" started-at="2025-07-23T18:17:36 IST" name="setup" finished-at="2025-07-23T18:17:41 IST" duration-ms="4315" status="PASS">
          <reporter-output>
          </reporter-output>
        </test-method> <!-- setup -->
        <test-method signature="filterValuesTest()[pri:0, instance:Qtv.TestCase@ba2f4ec]" started-at="2025-07-23T18:17:41 IST" name="filterValuesTest" finished-at="2025-07-23T18:18:01 IST" duration-ms="20456" status="PASS">
          <reporter-output>
          </reporter-output>
        </test-method> <!-- filterValuesTest -->
        <test-method is-config="true" signature="teardown()[pri:0, instance:Qtv.TestCase@ba2f4ec]" started-at="2025-07-23T18:18:01 IST" name="teardown" finished-at="2025-07-23T18:18:02 IST" duration-ms="398" status="PASS">
          <reporter-output>
          </reporter-output>
        </test-method> <!-- teardown -->
      </class> <!-- Qtv.TestCase -->
    </test> <!-- Filter Button Check -->
    <test started-at="2025-07-23T18:18:02 IST" name="check on view All button is workable" finished-at="2025-07-23T18:18:19 IST" duration-ms="17084">
      <class name="Qtv.TestCase">
        <test-method is-config="true" signature="setup()[pri:0, instance:Qtv.TestCase@fbd1f6]" started-at="2025-07-23T18:18:02 IST" name="setup" finished-at="2025-07-23T18:18:04 IST" duration-ms="2511" status="PASS">
          <reporter-output>
          </reporter-output>
        </test-method> <!-- setup -->
        <test-method signature="viewAllTest()[pri:0, instance:Qtv.TestCase@fbd1f6]" started-at="2025-07-23T18:18:04 IST" name="viewAllTest" finished-at="2025-07-23T18:18:18 IST" duration-ms="14076" status="PASS">
          <reporter-output>
          </reporter-output>
        </test-method> <!-- viewAllTest -->
        <test-method is-config="true" signature="teardown()[pri:0, instance:Qtv.TestCase@fbd1f6]" started-at="2025-07-23T18:18:18 IST" name="teardown" finished-at="2025-07-23T18:18:19 IST" duration-ms="494" status="PASS">
          <reporter-output>
          </reporter-output>
        </test-method> <!-- teardown -->
      </class> <!-- Qtv.TestCase -->
    </test> <!-- check on view All button is workable -->
    <test started-at="2025-07-23T18:18:19 IST" name="Check reltead video play or not" finished-at="2025-07-23T18:18:45 IST" duration-ms="26392">
      <class name="Qtv.TestCase">
        <test-method is-config="true" signature="setup()[pri:0, instance:Qtv.TestCase@7a8c8dcf]" started-at="2025-07-23T18:18:19 IST" name="setup" finished-at="2025-07-23T18:18:21 IST" duration-ms="2795" status="PASS">
          <reporter-output>
          </reporter-output>
        </test-method> <!-- setup -->
        <test-method signature="checkRelatedvideo()[pri:0, instance:Qtv.TestCase@7a8c8dcf]" started-at="2025-07-23T18:18:21 IST" name="checkRelatedvideo" finished-at="2025-07-23T18:18:45 IST" duration-ms="23170" status="FAIL">
          <exception class="org.openqa.selenium.TimeoutException">
            <message>
              <![CDATA[Expected condition failed: waiting for element to be clickable: By.xpath: //img[@alt='BBC AFRICA EYE'] (tried for 10 second(s) with 500 milliseconds interval)
Build info: version: '4.33.0', revision: '2c6aaad03a'
System info: os.name: 'Windows 11', os.arch: 'amd64', os.version: '10.0', java.version: '23.0.1'
Driver info: org.openqa.selenium.chrome.ChromeDriver
Capabilities {acceptInsecureCerts: false, browserName: chrome, browserVersion: 138.0.7204.158, chrome: {chromedriverVersion: 138.0.7204.168 (3e8d82e86e9..., userDataDir: C:\Users\Yash\AppData\Local...}, fedcm:accounts: true, goog:chromeOptions: {debuggerAddress: localhost:59357}, networkConnectionEnabled: false, pageLoadStrategy: normal, platformName: windows, proxy: Proxy(), se:cdp: ws://localhost:59357/devtoo..., se:cdpVersion: 138.0.7204.158, setWindowRect: true, strictFileInteractability: false, timeouts: {implicit: 0, pageLoad: 300000, script: 30000}, unhandledPromptBehavior: dismiss and notify, webauthn:extension:credBlob: true, webauthn:extension:largeBlob: true, webauthn:extension:minPinLength: true, webauthn:extension:prf: true, webauthn:virtualAuthenticators: true}
Session ID: 2b6fec94e2b4171c861c6c94fd618a6e]]>
            </message>
            <full-stacktrace>
              <![CDATA[org.openqa.selenium.TimeoutException: Expected condition failed: waiting for element to be clickable: By.xpath: //img[@alt='BBC AFRICA EYE'] (tried for 10 second(s) with 500 milliseconds interval)
Build info: version: '4.33.0', revision: '2c6aaad03a'
System info: os.name: 'Windows 11', os.arch: 'amd64', os.version: '10.0', java.version: '23.0.1'
Driver info: org.openqa.selenium.chrome.ChromeDriver
Capabilities {acceptInsecureCerts: false, browserName: chrome, browserVersion: 138.0.7204.158, chrome: {chromedriverVersion: 138.0.7204.168 (3e8d82e86e9..., userDataDir: C:\Users\Yash\AppData\Local...}, fedcm:accounts: true, goog:chromeOptions: {debuggerAddress: localhost:59357}, networkConnectionEnabled: false, pageLoadStrategy: normal, platformName: windows, proxy: Proxy(), se:cdp: ws://localhost:59357/devtoo..., se:cdpVersion: 138.0.7204.158, setWindowRect: true, strictFileInteractability: false, timeouts: {implicit: 0, pageLoad: 300000, script: 30000}, unhandledPromptBehavior: dismiss and notify, webauthn:extension:credBlob: true, webauthn:extension:largeBlob: true, webauthn:extension:minPinLength: true, webauthn:extension:prf: true, webauthn:virtualAuthenticators: true}
Session ID: 2b6fec94e2b4171c861c6c94fd618a6e
at org.openqa.selenium.support.ui.WebDriverWait.timeoutException(WebDriverWait.java:84)
at org.openqa.selenium.support.ui.FluentWait.until(FluentWait.java:228)
at Qtv.TestCase.checkRelatedvideo(TestCase.java:624)
at java.base/jdk.internal.reflect.DirectMethodHandleAccessor.invoke(DirectMethodHandleAccessor.java:103)
at java.base/java.lang.reflect.Method.invoke(Method.java:580)
at org.testng.internal.invokers.MethodInvocationHelper.invokeMethod(MethodInvocationHelper.java:141)
at org.testng.internal.invokers.TestInvoker.invokeMethod(TestInvoker.java:687)
at org.testng.internal.invokers.TestInvoker.invokeTestMethod(TestInvoker.java:230)
at org.testng.internal.invokers.MethodRunner.runInSequence(MethodRunner.java:63)
at org.testng.internal.invokers.TestInvoker$MethodInvocationAgent.invoke(TestInvoker.java:995)
at org.testng.internal.invokers.TestInvoker.invokeTestMethods(TestInvoker.java:203)
at org.testng.internal.invokers.TestMethodWorker.invokeTestMethods(TestMethodWorker.java:154)
at org.testng.internal.invokers.TestMethodWorker.run(TestMethodWorker.java:134)
at java.base/java.util.ArrayList.forEach(ArrayList.java:1597)
at org.testng.TestRunner.privateRun(TestRunner.java:741)
at org.testng.TestRunner.run(TestRunner.java:616)
at org.testng.SuiteRunner.runTest(SuiteRunner.java:421)
at org.testng.SuiteRunner$SuiteWorker.run(SuiteRunner.java:463)
at org.testng.internal.thread.ThreadUtil.lambda$execute$0(ThreadUtil.java:64)
at java.base/java.util.concurrent.FutureTask.run(FutureTask.java:317)
at java.base/java.util.concurrent.ThreadPoolExecutor.runWorker(ThreadPoolExecutor.java:1144)
at java.base/java.util.concurrent.ThreadPoolExecutor$Worker.run(ThreadPoolExecutor.java:642)
at java.base/java.lang.Thread.run(Thread.java:1575)
]]>
            </full-stacktrace>
          </exception> <!-- org.openqa.selenium.TimeoutException -->
          <reporter-output>
          </reporter-output>
        </test-method> <!-- checkRelatedvideo -->
        <test-method is-config="true" signature="teardown()[pri:0, instance:Qtv.TestCase@7a8c8dcf]" started-at="2025-07-23T18:18:45 IST" name="teardown" finished-at="2025-07-23T18:18:45 IST" duration-ms="425" status="PASS">
          <reporter-output>
          </reporter-output>
        </test-method> <!-- teardown -->
      </class> <!-- Qtv.TestCase -->
    </test> <!-- Check reltead video play or not -->
    <test started-at="2025-07-23T18:18:45 IST" name="Verify Banner is visible or not" finished-at="2025-07-23T18:19:00 IST" duration-ms="14811">
      <class name="Qtv.TestCase">
        <test-method is-config="true" signature="setup()[pri:0, instance:Qtv.TestCase@24aed80c]" started-at="2025-07-23T18:18:45 IST" name="setup" finished-at="2025-07-23T18:18:48 IST" duration-ms="2629" status="PASS">
          <reporter-output>
          </reporter-output>
        </test-method> <!-- setup -->
        <test-method signature="Banner_is_visible()[pri:0, instance:Qtv.TestCase@24aed80c]" started-at="2025-07-23T18:18:48 IST" name="Banner_is_visible" finished-at="2025-07-23T18:18:59 IST" duration-ms="11680" status="PASS">
          <reporter-output>
          </reporter-output>
        </test-method> <!-- Banner_is_visible -->
        <test-method is-config="true" signature="teardown()[pri:0, instance:Qtv.TestCase@24aed80c]" started-at="2025-07-23T18:18:59 IST" name="teardown" finished-at="2025-07-23T18:19:00 IST" duration-ms="496" status="PASS">
          <reporter-output>
          </reporter-output>
        </test-method> <!-- teardown -->
      </class> <!-- Qtv.TestCase -->
    </test> <!-- Verify Banner is visible or not -->
    <test started-at="2025-07-23T18:19:00 IST" name="Verify subscription button is visible or not" finished-at="2025-07-23T18:19:13 IST" duration-ms="12852">
      <class name="Qtv.TestCase">
        <test-method is-config="true" signature="setup()[pri:0, instance:Qtv.TestCase@752325ad]" started-at="2025-07-23T18:19:00 IST" name="setup" finished-at="2025-07-23T18:19:03 IST" duration-ms="3053" status="PASS">
          <reporter-output>
          </reporter-output>
        </test-method> <!-- setup -->
        <test-method signature="subscription()[pri:0, instance:Qtv.TestCase@752325ad]" started-at="2025-07-23T18:19:03 IST" name="subscription" finished-at="2025-07-23T18:19:12 IST" duration-ms="9371" status="PASS">
          <reporter-output>
          </reporter-output>
        </test-method> <!-- subscription -->
        <test-method is-config="true" signature="teardown()[pri:0, instance:Qtv.TestCase@752325ad]" started-at="2025-07-23T18:19:12 IST" name="teardown" finished-at="2025-07-23T18:19:13 IST" duration-ms="426" status="PASS">
          <reporter-output>
          </reporter-output>
        </test-method> <!-- teardown -->
      </class> <!-- Qtv.TestCase -->
    </test> <!-- Verify subscription button is visible or not -->
    <test started-at="2025-07-23T18:19:13 IST" name="verify that without login subscription button is visible" finished-at="2025-07-23T18:19:16 IST" duration-ms="3537">
      <class name="Qtv.TestCase">
        <test-method is-config="true" signature="setup()[pri:0, instance:Qtv.TestCase@45c7e403]" started-at="2025-07-23T18:19:13 IST" name="setup" finished-at="2025-07-23T18:19:15 IST" duration-ms="2645" status="PASS">
          <reporter-output>
          </reporter-output>
        </test-method> <!-- setup -->
        <test-method signature="withoutLoginSubscriptionButtonisVisible()[pri:0, instance:Qtv.TestCase@45c7e403]" started-at="2025-07-23T18:19:15 IST" name="withoutLoginSubscriptionButtonisVisible" finished-at="2025-07-23T18:19:16 IST" duration-ms="467" status="PASS">
          <reporter-output>
          </reporter-output>
        </test-method> <!-- withoutLoginSubscriptionButtonisVisible -->
        <test-method is-config="true" signature="teardown()[pri:0, instance:Qtv.TestCase@45c7e403]" started-at="2025-07-23T18:19:16 IST" name="teardown" finished-at="2025-07-23T18:19:16 IST" duration-ms="422" status="PASS">
          <reporter-output>
          </reporter-output>
        </test-method> <!-- teardown -->
      </class> <!-- Qtv.TestCase -->
    </test> <!-- verify that without login subscription button is visible -->
    <test started-at="2025-07-23T18:19:16 IST" name="check after login subscription button is visile" finished-at="2025-07-23T18:19:33 IST" duration-ms="17043">
      <class name="Qtv.TestCase">
        <test-method is-config="true" signature="setup()[pri:0, instance:Qtv.TestCase@1ff4931d]" started-at="2025-07-23T18:19:16 IST" name="setup" finished-at="2025-07-23T18:19:19 IST" duration-ms="2834" status="PASS">
          <reporter-output>
          </reporter-output>
        </test-method> <!-- setup -->
        <test-method signature="check_SubscriptionisVisible()[pri:0, instance:Qtv.TestCase@1ff4931d]" started-at="2025-07-23T18:19:19 IST" name="check_SubscriptionisVisible" finished-at="2025-07-23T18:19:33 IST" duration-ms="13707" status="PASS">
          <reporter-output>
          </reporter-output>
        </test-method> <!-- check_SubscriptionisVisible -->
        <test-method is-config="true" signature="teardown()[pri:0, instance:Qtv.TestCase@1ff4931d]" started-at="2025-07-23T18:19:33 IST" name="teardown" finished-at="2025-07-23T18:19:33 IST" duration-ms="500" status="PASS">
          <reporter-output>
          </reporter-output>
        </test-method> <!-- teardown -->
      </class> <!-- Qtv.TestCase -->
    </test> <!-- check after login subscription button is visile -->
    <test started-at="2025-07-23T18:19:33 IST" name="Verify user already buy a subscription or not" finished-at="2025-07-23T18:19:51 IST" duration-ms="17152">
      <class name="Qtv.TestCase">
        <test-method is-config="true" signature="setup()[pri:0, instance:Qtv.TestCase@6ad82709]" started-at="2025-07-23T18:19:33 IST" name="setup" finished-at="2025-07-23T18:19:35 IST" duration-ms="1949" status="PASS">
          <reporter-output>
          </reporter-output>
        </test-method> <!-- setup -->
        <test-method signature="checkUserBuySubscription()[pri:0, instance:Qtv.TestCase@6ad82709]" started-at="2025-07-23T18:19:35 IST" name="checkUserBuySubscription" finished-at="2025-07-23T18:19:50 IST" duration-ms="14691" status="PASS">
          <reporter-output>
          </reporter-output>
        </test-method> <!-- checkUserBuySubscription -->
        <test-method is-config="true" signature="teardown()[pri:0, instance:Qtv.TestCase@6ad82709]" started-at="2025-07-23T18:19:50 IST" name="teardown" finished-at="2025-07-23T18:19:51 IST" duration-ms="510" status="PASS">
          <reporter-output>
          </reporter-output>
        </test-method> <!-- teardown -->
      </class> <!-- Qtv.TestCase -->
    </test> <!-- Verify user already buy a subscription or not -->
    <test started-at="2025-07-23T18:19:51 IST" name="check if user already buy a subscription so popup is visible or not" finished-at="2025-07-23T18:20:13 IST" duration-ms="22351">
      <class name="Qtv.TestCase">
        <test-method is-config="true" signature="setup()[pri:0, instance:Qtv.TestCase@8297b3a]" started-at="2025-07-23T18:19:51 IST" name="setup" finished-at="2025-07-23T18:19:53 IST" duration-ms="2811" status="PASS">
          <reporter-output>
          </reporter-output>
        </test-method> <!-- setup -->
        <test-method signature="verifyPopupIsVisibleuserBuysubscription()[pri:0, instance:Qtv.TestCase@8297b3a]" started-at="2025-07-23T18:19:53 IST" name="verifyPopupIsVisibleuserBuysubscription" finished-at="2025-07-23T18:20:12 IST" duration-ms="19066" status="PASS">
          <reporter-output>
          </reporter-output>
        </test-method> <!-- verifyPopupIsVisibleuserBuysubscription -->
        <test-method is-config="true" signature="teardown()[pri:0, instance:Qtv.TestCase@8297b3a]" started-at="2025-07-23T18:20:12 IST" name="teardown" finished-at="2025-07-23T18:20:13 IST" duration-ms="472" status="PASS">
          <reporter-output>
          </reporter-output>
        </test-method> <!-- teardown -->
      </class> <!-- Qtv.TestCase -->
    </test> <!-- check if user already buy a subscription so popup is visible or not -->
    <test started-at="2025-07-23T18:20:13 IST" name="Verify the url" finished-at="2025-07-23T18:20:17 IST" duration-ms="3648">
      <class name="Qtv.TestCase">
        <test-method is-config="true" signature="setup()[pri:0, instance:Qtv.TestCase@4c178a76]" started-at="2025-07-23T18:20:13 IST" name="setup" finished-at="2025-07-23T18:20:16 IST" duration-ms="3175" status="PASS">
          <reporter-output>
          </reporter-output>
        </test-method> <!-- setup -->
        <test-method signature="verifyurl()[pri:0, instance:Qtv.TestCase@4c178a76]" started-at="2025-07-23T18:20:16 IST" name="verifyurl" finished-at="2025-07-23T18:20:16 IST" duration-ms="17" status="PASS">
          <reporter-output>
          </reporter-output>
        </test-method> <!-- verifyurl -->
        <test-method is-config="true" signature="teardown()[pri:0, instance:Qtv.TestCase@4c178a76]" started-at="2025-07-23T18:20:16 IST" name="teardown" finished-at="2025-07-23T18:20:17 IST" duration-ms="454" status="PASS">
          <reporter-output>
          </reporter-output>
        </test-method> <!-- teardown -->
      </class> <!-- Qtv.TestCase -->
    </test> <!-- Verify the url -->
    <test started-at="2025-07-23T18:20:17 IST" name="Verify the current page source" finished-at="2025-07-23T18:20:20 IST" duration-ms="3309">
      <class name="Qtv.TestCase">
        <test-method is-config="true" signature="setup()[pri:0, instance:Qtv.TestCase@544fa968]" started-at="2025-07-23T18:20:17 IST" name="setup" finished-at="2025-07-23T18:20:19 IST" duration-ms="2919" status="PASS">
          <reporter-output>
          </reporter-output>
        </test-method> <!-- setup -->
        <test-method signature="checkTagname()[pri:0, instance:Qtv.TestCase@544fa968]" started-at="2025-07-23T18:20:19 IST" name="checkTagname" finished-at="2025-07-23T18:20:20 IST" duration-ms="16" status="PASS">
          <reporter-output>
          </reporter-output>
        </test-method> <!-- checkTagname -->
        <test-method is-config="true" signature="teardown()[pri:0, instance:Qtv.TestCase@544fa968]" started-at="2025-07-23T18:20:20 IST" name="teardown" finished-at="2025-07-23T18:20:20 IST" duration-ms="373" status="PASS">
          <reporter-output>
          </reporter-output>
        </test-method> <!-- teardown -->
      </class> <!-- Qtv.TestCase -->
    </test> <!-- Verify the current page source -->
    <test started-at="2025-07-23T18:20:20 IST" name="Verify total number of videos in Homepage" finished-at="2025-07-23T18:20:34 IST" duration-ms="13652">
      <class name="Qtv.TestCase">
        <test-method is-config="true" signature="setup()[pri:0, instance:Qtv.TestCase@7770f470]" started-at="2025-07-23T18:20:20 IST" name="setup" finished-at="2025-07-23T18:20:23 IST" duration-ms="3081" status="PASS">
          <reporter-output>
          </reporter-output>
        </test-method> <!-- setup -->
        <test-method signature="countTotalVideosWithNames()[pri:0, instance:Qtv.TestCase@7770f470]" started-at="2025-07-23T18:20:23 IST" name="countTotalVideosWithNames" finished-at="2025-07-23T18:20:33 IST" duration-ms="10057" status="PASS">
          <reporter-output>
          </reporter-output>
        </test-method> <!-- countTotalVideosWithNames -->
        <test-method is-config="true" signature="teardown()[pri:0, instance:Qtv.TestCase@7770f470]" started-at="2025-07-23T18:20:33 IST" name="teardown" finished-at="2025-07-23T18:20:34 IST" duration-ms="512" status="PASS">
          <reporter-output>
          </reporter-output>
        </test-method> <!-- teardown -->
      </class> <!-- Qtv.TestCase -->
    </test> <!-- Verify total number of videos in Homepage -->
    <test started-at="2025-07-23T18:20:34 IST" name="verify the Applestrore button is redirect or not" finished-at="2025-07-23T18:20:34 IST" duration-ms="0">
    </test> <!-- verify the Applestrore button is redirect or not -->
    <test started-at="2025-07-23T18:20:34 IST" name="verify the playstore button is redirect or not" finished-at="2025-07-23T18:20:34 IST" duration-ms="0">
    </test> <!-- verify the playstore button is redirect or not -->
    <test started-at="2025-07-23T18:20:34 IST" name="verify that the coupon code  with the price " finished-at="2025-07-23T18:20:51 IST" duration-ms="17531">
      <class name="Qtv.Testcase2">
        <test-method is-config="true" signature="setup()[pri:0, instance:Qtv.Testcase2@2002fc1d]" started-at="2025-07-23T18:20:34 IST" name="setup" finished-at="2025-07-23T18:20:36 IST" duration-ms="2933" status="PASS">
          <reporter-output>
          </reporter-output>
        </test-method> <!-- setup -->
        <test-method signature="checkcouponprice()[pri:0, instance:Qtv.Testcase2@2002fc1d]" started-at="2025-07-23T18:20:36 IST" name="checkcouponprice" finished-at="2025-07-23T18:20:51 IST" duration-ms="14103" status="PASS">
          <reporter-output>
          </reporter-output>
        </test-method> <!-- checkcouponprice -->
        <test-method is-config="true" signature="teardown()[pri:0, instance:Qtv.Testcase2@2002fc1d]" started-at="2025-07-23T18:20:51 IST" name="teardown" finished-at="2025-07-23T18:20:51 IST" duration-ms="491" status="PASS">
          <reporter-output>
          </reporter-output>
        </test-method> <!-- teardown -->
      </class> <!-- Qtv.Testcase2 -->
    </test> <!-- verify that the coupon code  with the price  -->
    <test started-at="2025-07-23T18:20:51 IST" name="verify that the coupon with the percentage " finished-at="2025-07-23T18:21:10 IST" duration-ms="18670">
      <class name="Qtv.Testcase2">
        <test-method is-config="true" signature="setup()[pri:0, instance:Qtv.Testcase2@ae13544]" started-at="2025-07-23T18:20:51 IST" name="setup" finished-at="2025-07-23T18:20:56 IST" duration-ms="4628" status="PASS">
          <reporter-output>
          </reporter-output>
        </test-method> <!-- setup -->
        <test-method signature="couponPercentage()[pri:0, instance:Qtv.Testcase2@ae13544]" started-at="2025-07-23T18:20:56 IST" name="couponPercentage" finished-at="2025-07-23T18:21:09 IST" duration-ms="13539" status="PASS">
          <reporter-output>
          </reporter-output>
        </test-method> <!-- couponPercentage -->
        <test-method is-config="true" signature="teardown()[pri:0, instance:Qtv.Testcase2@ae13544]" started-at="2025-07-23T18:21:09 IST" name="teardown" finished-at="2025-07-23T18:21:10 IST" duration-ms="501" status="PASS">
          <reporter-output>
          </reporter-output>
        </test-method> <!-- teardown -->
      </class> <!-- Qtv.Testcase2 -->
    </test> <!-- verify that the coupon with the percentage  -->
    <test started-at="2025-07-23T18:21:10 IST" name="Verify that coupon code enter" finished-at="2025-07-23T18:21:27 IST" duration-ms="17046">
      <class name="Qtv.Testcase2">
        <test-method is-config="true" signature="setup()[pri:0, instance:Qtv.Testcase2@4009e306]" started-at="2025-07-23T18:21:10 IST" name="setup" finished-at="2025-07-23T18:21:13 IST" duration-ms="3717" status="PASS">
          <reporter-output>
          </reporter-output>
        </test-method> <!-- setup -->
        <test-method signature="checkrazorpayopen()[pri:0, instance:Qtv.Testcase2@4009e306]" started-at="2025-07-23T18:21:13 IST" name="checkrazorpayopen" finished-at="2025-07-23T18:21:26 IST" duration-ms="12765" status="PASS">
          <reporter-output>
          </reporter-output>
        </test-method> <!-- checkrazorpayopen -->
        <test-method is-config="true" signature="teardown()[pri:0, instance:Qtv.Testcase2@4009e306]" started-at="2025-07-23T18:21:26 IST" name="teardown" finished-at="2025-07-23T18:21:27 IST" duration-ms="562" status="PASS">
          <reporter-output>
          </reporter-output>
        </test-method> <!-- teardown -->
      </class> <!-- Qtv.Testcase2 -->
    </test> <!-- Verify that coupon code enter -->
    <test started-at="2025-07-23T18:21:27 IST" name="verify that if user enter the Invalid data in the searchfield" finished-at="2025-07-23T18:21:50 IST" duration-ms="22676">
      <class name="Qtv.Testcase2">
        <test-method is-config="true" signature="setup()[pri:0, instance:Qtv.Testcase2@22fcf7ab]" started-at="2025-07-23T18:21:27 IST" name="setup" finished-at="2025-07-23T18:21:30 IST" duration-ms="2680" status="PASS">
          <reporter-output>
          </reporter-output>
        </test-method> <!-- setup -->
        <test-method signature="Validate_No_Data_message_is_visible()[pri:0, instance:Qtv.Testcase2@22fcf7ab]" started-at="2025-07-23T18:21:30 IST" name="Validate_No_Data_message_is_visible" finished-at="2025-07-23T18:21:49 IST" duration-ms="19570" status="PASS">
          <reporter-output>
          </reporter-output>
        </test-method> <!-- Validate_No_Data_message_is_visible -->
        <test-method is-config="true" signature="teardown()[pri:0, instance:Qtv.Testcase2@22fcf7ab]" started-at="2025-07-23T18:21:49 IST" name="teardown" finished-at="2025-07-23T18:21:50 IST" duration-ms="424" status="PASS">
          <reporter-output>
          </reporter-output>
        </test-method> <!-- teardown -->
      </class> <!-- Qtv.Testcase2 -->
    </test> <!-- verify that if user enter the Invalid data in the searchfield -->
    <test started-at="2025-07-23T18:21:50 IST" name="verify that without login if user click on the watchnow so redirect into login" finished-at="2025-07-23T18:21:58 IST" duration-ms="8081">
      <class name="Qtv.Testcase2">
        <test-method is-config="true" signature="setup()[pri:0, instance:Qtv.Testcase2@4988d8b8]" started-at="2025-07-23T18:21:50 IST" name="setup" finished-at="2025-07-23T18:21:52 IST" duration-ms="2494" status="PASS">
          <reporter-output>
          </reporter-output>
        </test-method> <!-- setup -->
        <test-method signature="clickwatchnow_userredirect_into_login()[pri:0, instance:Qtv.Testcase2@4988d8b8]" started-at="2025-07-23T18:21:52 IST" name="clickwatchnow_userredirect_into_login" finished-at="2025-07-23T18:21:57 IST" duration-ms="5140" status="FAIL">
          <exception class="org.openqa.selenium.ElementClickInterceptedException">
            <message>
              <![CDATA[element click intercepted: Element is not clickable at point (231, 665)
  (Session info: chrome=138.0.7204.158)
Build info: version: '4.33.0', revision: '2c6aaad03a'
System info: os.name: 'Windows 11', os.arch: 'amd64', os.version: '10.0', java.version: '23.0.1'
Driver info: org.openqa.selenium.chrome.ChromeDriver
Command: [a1064b767940c8f9d3ed214da3cac343, clickElement {id=f.A7F73CAAAA58C3FAE5726544906E5C89.d.3B2FB107A1253EBB2077DE763B287A3B.e.16}]
Capabilities {acceptInsecureCerts: false, browserName: chrome, browserVersion: 138.0.7204.158, chrome: {chromedriverVersion: 138.0.7204.168 (3e8d82e86e9..., userDataDir: C:\Users\Yash\AppData\Local...}, fedcm:accounts: true, goog:chromeOptions: {debuggerAddress: localhost:60193}, networkConnectionEnabled: false, pageLoadStrategy: normal, platformName: windows, proxy: Proxy(), se:cdp: ws://localhost:60193/devtoo..., se:cdpVersion: 138.0.7204.158, setWindowRect: true, strictFileInteractability: false, timeouts: {implicit: 0, pageLoad: 300000, script: 30000}, unhandledPromptBehavior: dismiss and notify, webauthn:extension:credBlob: true, webauthn:extension:largeBlob: true, webauthn:extension:minPinLength: true, webauthn:extension:prf: true, webauthn:virtualAuthenticators: true}
Element: [[ChromeDriver: chrome on windows (a1064b767940c8f9d3ed214da3cac343)] -> xpath: (//img[@class='img-top '])[1]]
Session ID: a1064b767940c8f9d3ed214da3cac343]]>
            </message>
            <full-stacktrace>
              <![CDATA[org.openqa.selenium.ElementClickInterceptedException: element click intercepted: Element is not clickable at point (231, 665)
  (Session info: chrome=138.0.7204.158)
Build info: version: '4.33.0', revision: '2c6aaad03a'
System info: os.name: 'Windows 11', os.arch: 'amd64', os.version: '10.0', java.version: '23.0.1'
Driver info: org.openqa.selenium.chrome.ChromeDriver
Command: [a1064b767940c8f9d3ed214da3cac343, clickElement {id=f.A7F73CAAAA58C3FAE5726544906E5C89.d.3B2FB107A1253EBB2077DE763B287A3B.e.16}]
Capabilities {acceptInsecureCerts: false, browserName: chrome, browserVersion: 138.0.7204.158, chrome: {chromedriverVersion: 138.0.7204.168 (3e8d82e86e9..., userDataDir: C:\Users\Yash\AppData\Local...}, fedcm:accounts: true, goog:chromeOptions: {debuggerAddress: localhost:60193}, networkConnectionEnabled: false, pageLoadStrategy: normal, platformName: windows, proxy: Proxy(), se:cdp: ws://localhost:60193/devtoo..., se:cdpVersion: 138.0.7204.158, setWindowRect: true, strictFileInteractability: false, timeouts: {implicit: 0, pageLoad: 300000, script: 30000}, unhandledPromptBehavior: dismiss and notify, webauthn:extension:credBlob: true, webauthn:extension:largeBlob: true, webauthn:extension:minPinLength: true, webauthn:extension:prf: true, webauthn:virtualAuthenticators: true}
Element: [[ChromeDriver: chrome on windows (a1064b767940c8f9d3ed214da3cac343)] -> xpath: (//img[@class='img-top '])[1]]
Session ID: a1064b767940c8f9d3ed214da3cac343
at java.base/jdk.internal.reflect.DirectConstructorHandleAccessor.newInstance(DirectConstructorHandleAccessor.java:62)
at java.base/java.lang.reflect.Constructor.newInstanceWithCaller(Constructor.java:501)
at java.base/java.lang.reflect.Constructor.newInstance(Constructor.java:485)
at org.openqa.selenium.remote.ErrorCodec.decode(ErrorCodec.java:167)
at org.openqa.selenium.remote.codec.w3c.W3CHttpResponseCodec.decode(W3CHttpResponseCodec.java:138)
at org.openqa.selenium.remote.codec.w3c.W3CHttpResponseCodec.decode(W3CHttpResponseCodec.java:50)
at org.openqa.selenium.remote.HttpCommandExecutor.execute(HttpCommandExecutor.java:215)
at org.openqa.selenium.remote.service.DriverCommandExecutor.invokeExecute(DriverCommandExecutor.java:216)
at org.openqa.selenium.remote.service.DriverCommandExecutor.execute(DriverCommandExecutor.java:174)
at org.openqa.selenium.remote.RemoteWebDriver.execute(RemoteWebDriver.java:544)
at org.openqa.selenium.remote.RemoteWebElement.execute(RemoteWebElement.java:223)
at org.openqa.selenium.remote.RemoteWebElement.click(RemoteWebElement.java:76)
at Qtv.Testcase2.clickwatchnow_userredirect_into_login(Testcase2.java:223)
at java.base/jdk.internal.reflect.DirectMethodHandleAccessor.invoke(DirectMethodHandleAccessor.java:103)
at java.base/java.lang.reflect.Method.invoke(Method.java:580)
at org.testng.internal.invokers.MethodInvocationHelper.invokeMethod(MethodInvocationHelper.java:141)
at org.testng.internal.invokers.TestInvoker.invokeMethod(TestInvoker.java:687)
at org.testng.internal.invokers.TestInvoker.invokeTestMethod(TestInvoker.java:230)
at org.testng.internal.invokers.MethodRunner.runInSequence(MethodRunner.java:63)
at org.testng.internal.invokers.TestInvoker$MethodInvocationAgent.invoke(TestInvoker.java:995)
at org.testng.internal.invokers.TestInvoker.invokeTestMethods(TestInvoker.java:203)
at org.testng.internal.invokers.TestMethodWorker.invokeTestMethods(TestMethodWorker.java:154)
at org.testng.internal.invokers.TestMethodWorker.run(TestMethodWorker.java:134)
at java.base/java.util.ArrayList.forEach(ArrayList.java:1597)
at org.testng.TestRunner.privateRun(TestRunner.java:741)
at org.testng.TestRunner.run(TestRunner.java:616)
at org.testng.SuiteRunner.runTest(SuiteRunner.java:421)
at org.testng.SuiteRunner$SuiteWorker.run(SuiteRunner.java:463)
at org.testng.internal.thread.ThreadUtil.lambda$execute$0(ThreadUtil.java:64)
at java.base/java.util.concurrent.FutureTask.run(FutureTask.java:317)
at java.base/java.util.concurrent.ThreadPoolExecutor.runWorker(ThreadPoolExecutor.java:1144)
at java.base/java.util.concurrent.ThreadPoolExecutor$Worker.run(ThreadPoolExecutor.java:642)
at java.base/java.lang.Thread.run(Thread.java:1575)
]]>
            </full-stacktrace>
          </exception> <!-- org.openqa.selenium.ElementClickInterceptedException -->
          <reporter-output>
          </reporter-output>
        </test-method> <!-- clickwatchnow_userredirect_into_login -->
        <test-method is-config="true" signature="teardown()[pri:0, instance:Qtv.Testcase2@4988d8b8]" started-at="2025-07-23T18:21:57 IST" name="teardown" finished-at="2025-07-23T18:21:58 IST" duration-ms="446" status="PASS">
          <reporter-output>
          </reporter-output>
        </test-method> <!-- teardown -->
      </class> <!-- Qtv.Testcase2 -->
    </test> <!-- verify that without login if user click on the watchnow so redirect into login -->
    <test started-at="2025-07-23T18:21:58 IST" name="Validate No of banner is visible in the Subscription page" finished-at="2025-07-23T18:22:18 IST" duration-ms="20545">
      <class name="Qtv.Testcase2">
        <test-method is-config="true" signature="setup()[pri:0, instance:Qtv.Testcase2@6913c1fb]" started-at="2025-07-23T18:21:58 IST" name="setup" finished-at="2025-07-23T18:22:04 IST" duration-ms="6756" status="PASS">
          <reporter-output>
          </reporter-output>
        </test-method> <!-- setup -->
        <test-method signature="insidecouponpagebannerisvisible()[pri:0, instance:Qtv.Testcase2@6913c1fb]" started-at="2025-07-23T18:22:04 IST" name="insidecouponpagebannerisvisible" finished-at="2025-07-23T18:22:18 IST" duration-ms="13346" status="PASS">
          <reporter-output>
          </reporter-output>
        </test-method> <!-- insidecouponpagebannerisvisible -->
        <test-method is-config="true" signature="teardown()[pri:0, instance:Qtv.Testcase2@6913c1fb]" started-at="2025-07-23T18:22:18 IST" name="teardown" finished-at="2025-07-23T18:22:18 IST" duration-ms="443" status="PASS">
          <reporter-output>
          </reporter-output>
        </test-method> <!-- teardown -->
      </class> <!-- Qtv.Testcase2 -->
    </test> <!-- Validate No of banner is visible in the Subscription page -->
    <test started-at="2025-07-23T18:22:18 IST" name="Check No of banner is visible in the Homepage" finished-at="2025-07-23T18:22:36 IST" duration-ms="17482">
      <class name="Qtv.Testcase2">
        <test-method is-config="true" signature="setup()[pri:0, instance:Qtv.Testcase2@609cd4d8]" started-at="2025-07-23T18:22:18 IST" name="setup" finished-at="2025-07-23T18:22:21 IST" duration-ms="2916" status="PASS">
          <reporter-output>
          </reporter-output>
        </test-method> <!-- setup -->
        <test-method signature="checkNoofBannerpresendInHomepage()[pri:0, instance:Qtv.Testcase2@609cd4d8]" started-at="2025-07-23T18:22:21 IST" name="checkNoofBannerpresendInHomepage" finished-at="2025-07-23T18:22:35 IST" duration-ms="14049" status="PASS">
          <reporter-output>
          </reporter-output>
        </test-method> <!-- checkNoofBannerpresendInHomepage -->
        <test-method is-config="true" signature="teardown()[pri:0, instance:Qtv.Testcase2@609cd4d8]" started-at="2025-07-23T18:22:35 IST" name="teardown" finished-at="2025-07-23T18:22:36 IST" duration-ms="514" status="PASS">
          <reporter-output>
          </reporter-output>
        </test-method> <!-- teardown -->
      </class> <!-- Qtv.Testcase2 -->
    </test> <!-- Check No of banner is visible in the Homepage -->
    <test started-at="2025-07-23T18:22:36 IST" name="Check All the Language is visible properly" finished-at="2025-07-23T18:22:36 IST" duration-ms="0">
    </test> <!-- Check All the Language is visible properly -->
  </suite> <!-- Suite -->
</testng-results>
